[debug] [2025-05-12T11:57:27.868Z] ----------------------------------------------------------------------
[debug] [2025-05-12T11:57:27.877Z] Command:       C:\Program Files\nodejs\node.exe C:\Users\usluf\AppData\Roaming\npm\node_modules\firebase-tools\lib\bin\firebase.js init firestore
[debug] [2025-05-12T11:57:27.878Z] CLI Version:   14.2.2
[debug] [2025-05-12T11:57:27.878Z] Platform:      win32
[debug] [2025-05-12T11:57:27.878Z] Node Version:  v22.12.0
[debug] [2025-05-12T11:57:27.879Z] Time:          Mon May 12 2025 14:57:27 GMT+0300 (GMT+03:00)
[debug] [2025-05-12T11:57:27.879Z] ----------------------------------------------------------------------
[debug] 
[debug] [2025-05-12T11:57:28.094Z] Object "" in "firebase.json" has unknown property: {"additionalProperty":"flutter"}
[debug] [2025-05-12T11:57:28.101Z] > command requires scopes: ["email","openid","https://www.googleapis.com/auth/cloudplatformprojects.readonly","https://www.googleapis.com/auth/firebase","https://www.googleapis.com/auth/cloud-platform"]
[debug] [2025-05-12T11:57:28.102Z] > authorizing via signed-in user (usluferhat98@gmail.com)
[debug] [2025-05-12T11:57:28.103Z] Object "" in "firebase.json" has unknown property: {"additionalProperty":"flutter"}
[info] 
     ######## #### ########  ######## ########     ###     ######  ########
     ##        ##  ##     ## ##       ##     ##  ##   ##  ##       ##
     ######    ##  ########  ######   ########  #########  ######  ######
     ##        ##  ##    ##  ##       ##     ## ##     ##       ## ##
     ##       #### ##     ## ######## ########  ##     ##  ######  ########

You're about to initialize a Firebase project in this directory:

  F:\Yazilim\flutter\cryptotrade

Before we get started, keep in mind:

  * You are initializing within an existing Firebase project directory

[info] 
=== Project Setup
[info] 
[info] First, let's associate this project directory with a Firebase project.
[info] You can create multiple project aliases by running firebase use --add, 
[info] but for now we'll just set up a default project.
[info] 
